<?xml version="1.0" encoding="UTF-8"?>
<!-- Generated by org.testng.reporters.JUnitXMLReporter -->
<testsuite ignored="0" hostname="D-113124489" failures="0" tests="13" name="Test" time="159.471" errors="0" timestamp="2023-03-06T10:17:47 IST">
  <testcase classname="com.wipro.testcases.AccountRegistration" name="RegistrationTest" time="9.029"/>
  <testcase classname="io.cucumber.testng.AbstractTestNGCucumberTests" name="runScenario" time="31.171"/>
  <testcase classname="com.wipro.testcases.PlaceOrder" name="loginTest" time="4.757"/>
  <testcase classname="com.wipro.testcases.PlaceOrder" name="selectDesktopTest" time="6.633"/>
  <testcase classname="com.wipro.testcases.PlaceOrder" name="addToCartTest" time="20.098"/>
  <testcase classname="com.wipro.testcases.PlaceOrder" name="clickShoppingCartTest" time="2.94"/>
  <testcase classname="com.wipro.testcases.PlaceOrder" name="clickCheckoutTest" time="9.102"/>
  <testcase classname="com.wipro.testcases.PlaceOrder" name="makePaymentTest" time="6.193"/>
  <testcase classname="com.wipro.testcases.PlaceOrder" name="clickConfirmTest" time="1.106"/>
  <testcase classname="com.wipro.testcases.PlaceOrder" name="valiadteLogout" time="6.609"/>
  <testcase classname="com.wipro.testcases.ValidateMenu" name="loginTest" time="4.973"/>
  <testcase classname="com.wipro.testcases.ValidateMenu" name="validateMenuTest" time="12.643"/>
  <testcase classname="com.wipro.testcases.ValidateMenu" name="validateLogOut" time="6.46"/>
</testsuite> <!-- Test -->
