<?xml version="1.0" encoding="UTF-8"?>
<!-- Generated by org.testng.reporters.JUnitXMLReporter -->
<testsuite ignored="0" hostname="D-113124489" failures="0" tests="13" name="Test" time="166.826" errors="0" timestamp="2023-03-03T14:22:48 IST">
  <testcase classname="com.wipro.testcases.AccountRegistration" name="RegistrationTest" time="9.439"/>
  <testcase classname="io.cucumber.testng.AbstractTestNGCucumberTests" name="runScenario" time="31.975"/>
  <testcase classname="com.wipro.testcases.PlaceOrder" name="loginTest" time="5.996"/>
  <testcase classname="com.wipro.testcases.PlaceOrder" name="selectDesktopTest" time="6.974"/>
  <testcase classname="com.wipro.testcases.PlaceOrder" name="addToCartTest" time="20.102"/>
  <testcase classname="com.wipro.testcases.PlaceOrder" name="clickShoppingCartTest" time="3.18"/>
  <testcase classname="com.wipro.testcases.PlaceOrder" name="clickCheckoutTest" time="9.258"/>
  <testcase classname="com.wipro.testcases.PlaceOrder" name="makePaymentTest" time="6.181"/>
  <testcase classname="com.wipro.testcases.PlaceOrder" name="clickConfirmTest" time="1.784"/>
  <testcase classname="com.wipro.testcases.PlaceOrder" name="valiadteLogout" time="6.511"/>
  <testcase classname="com.wipro.testcases.ValidateMenu" name="loginTest" time="5.454"/>
  <testcase classname="com.wipro.testcases.ValidateMenu" name="validateMenuTest" time="13.772"/>
  <testcase classname="com.wipro.testcases.ValidateMenu" name="validateLogOut" time="6.873"/>
</testsuite> <!-- Test -->
