<?xml version="1.0" encoding="UTF-8"?>
<testsuite name="Test"
           tests="3"
           failures="0"
           errors="0"
           skipped="0"
           time="24.076">
  <properties />
  
  
            <testcase name="validateLogOut" time="6.460" classname="com.wipro.testcases.ValidateMenu" />
                <testcase name="loginTest" time="4.973" classname="com.wipro.testcases.ValidateMenu" />
                <testcase name="validateMenuTest" time="12.643" classname="com.wipro.testcases.ValidateMenu" />
      
</testsuite>
