<?xml version="1.0" encoding="UTF-8"?>
<testsuite name="Test"
           tests="8"
           failures="0"
           errors="0"
           skipped="0"
           time="57.438">
  <properties />
  
  
            <testcase name="selectDesktopTest" time="6.633" classname="com.wipro.testcases.PlaceOrder" />
                <testcase name="clickConfirmTest" time="1.106" classname="com.wipro.testcases.PlaceOrder" />
                <testcase name="valiadteLogout" time="6.609" classname="com.wipro.testcases.PlaceOrder" />
                <testcase name="makePaymentTest" time="6.193" classname="com.wipro.testcases.PlaceOrder" />
                <testcase name="clickShoppingCartTest" time="2.940" classname="com.wipro.testcases.PlaceOrder" />
                <testcase name="addToCartTest" time="20.098" classname="com.wipro.testcases.PlaceOrder" />
                <testcase name="loginTest" time="4.757" classname="com.wipro.testcases.PlaceOrder" />
                <testcase name="clickCheckoutTest" time="9.102" classname="com.wipro.testcases.PlaceOrder" />
      
</testsuite>
