<?xml version="1.0" encoding="UTF-8"?>
<testsuite name="Test"
           tests="3"
           failures="0"
           errors="0"
           skipped="0"
           time="26.099">
  <properties />
  
  
            <testcase name="loginTest" time="5.454" classname="com.wipro.testcases.ValidateMenu" />
                <testcase name="validateLogOut" time="6.873" classname="com.wipro.testcases.ValidateMenu" />
                <testcase name="validateMenuTest" time="13.772" classname="com.wipro.testcases.ValidateMenu" />
      
</testsuite>
