<?xml version="1.0" encoding="UTF-8"?>
<testng-results ignored="0" total="13" passed="13" failed="0" skipped="0">
  <reporter-output>
  </reporter-output>
  <suite started-at="2023-03-06T10:15:08 IST" name="Suite" finished-at="2023-03-06T10:17:47 IST" duration-ms="159471">
    <groups>
      <group name="cucumber">
        <method signature="AbstractTestNGCucumberTests.runScenario(io.cucumber.testng.PickleWrapper,io.cucumber.testng.FeatureWrapper)[pri:0, instance:com.wipro.testcases.AddAddress@790da477]" name="runScenario" class="io.cucumber.testng.AbstractTestNGCucumberTests"/>
      </group> <!-- cucumber -->
    </groups>
    <test started-at="2023-03-06T10:15:08 IST" name="Test" finished-at="2023-03-06T10:17:47 IST" duration-ms="159471">
      <class name="com.wipro.testcases.AccountRegistration">
        <test-method is-config="true" signature="beforeClass()[pri:0, instance:com.wipro.testcases.AccountRegistration@1807e3f6]" started-at="2023-03-06T10:15:08 IST" name="beforeClass" finished-at="2023-03-06T10:15:16 IST" duration-ms="8326" status="PASS">
          <reporter-output>
          </reporter-output>
        </test-method> <!-- beforeClass -->
        <test-method signature="RegistrationTest(java.lang.String,java.lang.String,java.lang.String,java.lang.String,java.lang.String)[pri:0, instance:com.wipro.testcases.AccountRegistration@1807e3f6]" started-at="2023-03-06T10:15:17 IST" name="RegistrationTest" data-provider="dp" finished-at="2023-03-06T10:15:26 IST" duration-ms="9029" status="PASS">
          <params>
            <param index="0">
              <value>
                <![CDATA[Shivam]]>
              </value>
            </param>
            <param index="1">
              <value>
                <![CDATA[Raj]]>
              </value>
            </param>
            <param index="2">
              <value>
                <![CDATA[shivam4312@gmail.com]]>
              </value>
            </param>
            <param index="3">
              <value>
                <![CDATA[asdfghjkl]]>
              </value>
            </param>
            <param index="4">
              <value>
                <![CDATA[asdfghjkl]]>
              </value>
            </param>
          </params>
          <reporter-output>
          </reporter-output>
        </test-method> <!-- RegistrationTest -->
        <test-method is-config="true" signature="afterClass()[pri:0, instance:com.wipro.testcases.AccountRegistration@1807e3f6]" started-at="2023-03-06T10:15:26 IST" name="afterClass" finished-at="2023-03-06T10:15:31 IST" duration-ms="5496" status="PASS">
          <reporter-output>
          </reporter-output>
        </test-method> <!-- afterClass -->
      </class> <!-- com.wipro.testcases.AccountRegistration -->
      <class name="com.wipro.testcases.PlaceOrder">
        <test-method is-config="true" signature="beforeClass()[pri:0, instance:com.wipro.testcases.PlaceOrder@5fb759d6]" started-at="2023-03-06T10:16:03 IST" name="beforeClass" finished-at="2023-03-06T10:16:09 IST" duration-ms="6271" status="PASS">
          <reporter-output>
          </reporter-output>
        </test-method> <!-- beforeClass -->
        <test-method signature="loginTest(java.lang.String,java.lang.String)[pri:0, instance:com.wipro.testcases.PlaceOrder@5fb759d6]" started-at="2023-03-06T10:16:09 IST" name="loginTest" data-provider="dp" finished-at="2023-03-06T10:16:14 IST" duration-ms="4757" status="PASS">
          <params>
            <param index="0">
              <value>
                <![CDATA[shivam4312@gmail.com]]>
              </value>
            </param>
            <param index="1">
              <value>
                <![CDATA[asdfghjkl]]>
              </value>
            </param>
          </params>
          <reporter-output>
          </reporter-output>
        </test-method> <!-- loginTest -->
        <test-method signature="selectDesktopTest()[pri:1, instance:com.wipro.testcases.PlaceOrder@5fb759d6]" started-at="2023-03-06T10:16:14 IST" name="selectDesktopTest" finished-at="2023-03-06T10:16:21 IST" duration-ms="6633" status="PASS">
          <reporter-output>
          </reporter-output>
        </test-method> <!-- selectDesktopTest -->
        <test-method signature="addToCartTest()[pri:2, instance:com.wipro.testcases.PlaceOrder@5fb759d6]" started-at="2023-03-06T10:16:21 IST" name="addToCartTest" finished-at="2023-03-06T10:16:41 IST" duration-ms="20098" status="PASS">
          <reporter-output>
          </reporter-output>
        </test-method> <!-- addToCartTest -->
        <test-method signature="clickShoppingCartTest()[pri:3, instance:com.wipro.testcases.PlaceOrder@5fb759d6]" started-at="2023-03-06T10:16:41 IST" name="clickShoppingCartTest" finished-at="2023-03-06T10:16:44 IST" duration-ms="2940" status="PASS">
          <reporter-output>
          </reporter-output>
        </test-method> <!-- clickShoppingCartTest -->
        <test-method signature="clickCheckoutTest()[pri:4, instance:com.wipro.testcases.PlaceOrder@5fb759d6]" started-at="2023-03-06T10:16:44 IST" name="clickCheckoutTest" finished-at="2023-03-06T10:16:53 IST" duration-ms="9102" status="PASS">
          <reporter-output>
          </reporter-output>
        </test-method> <!-- clickCheckoutTest -->
        <test-method signature="makePaymentTest()[pri:5, instance:com.wipro.testcases.PlaceOrder@5fb759d6]" started-at="2023-03-06T10:16:53 IST" name="makePaymentTest" finished-at="2023-03-06T10:16:59 IST" duration-ms="6193" status="PASS">
          <reporter-output>
          </reporter-output>
        </test-method> <!-- makePaymentTest -->
        <test-method signature="clickConfirmTest()[pri:6, instance:com.wipro.testcases.PlaceOrder@5fb759d6]" started-at="2023-03-06T10:16:59 IST" name="clickConfirmTest" finished-at="2023-03-06T10:17:00 IST" duration-ms="1106" status="PASS">
          <reporter-output>
          </reporter-output>
        </test-method> <!-- clickConfirmTest -->
        <test-method signature="valiadteLogout()[pri:7, instance:com.wipro.testcases.PlaceOrder@5fb759d6]" started-at="2023-03-06T10:17:00 IST" name="valiadteLogout" finished-at="2023-03-06T10:17:07 IST" duration-ms="6609" status="PASS">
          <reporter-output>
          </reporter-output>
        </test-method> <!-- valiadteLogout -->
        <test-method is-config="true" signature="afterClass()[pri:0, instance:com.wipro.testcases.PlaceOrder@5fb759d6]" started-at="2023-03-06T10:17:07 IST" name="afterClass" finished-at="2023-03-06T10:17:12 IST" duration-ms="5200" status="PASS">
          <reporter-output>
          </reporter-output>
        </test-method> <!-- afterClass -->
      </class> <!-- com.wipro.testcases.PlaceOrder -->
      <class name="com.wipro.testcases.AddAddress">
        <test-method is-config="true" signature="setUpClass(org.testng.ITestContext)[pri:0, instance:com.wipro.testcases.AddAddress@790da477]" started-at="2023-03-06T10:15:31 IST" name="setUpClass" finished-at="2023-03-06T10:15:32 IST" duration-ms="198" status="PASS">
          <params>
            <param index="0">
              <value>
                <![CDATA[org.testng.TestRunner@1785d194]]>
              </value>
            </param>
          </params>
          <reporter-output>
          </reporter-output>
        </test-method> <!-- setUpClass -->
        <test-method signature="runScenario(io.cucumber.testng.PickleWrapper,io.cucumber.testng.FeatureWrapper)[pri:0, instance:com.wipro.testcases.AddAddress@790da477]" started-at="2023-03-06T10:15:32 IST" name="runScenario" description="Runs Cucumber Scenarios" data-provider="scenarios" finished-at="2023-03-06T10:16:03 IST" duration-ms="31171" status="PASS">
          <params>
            <param index="0">
              <value>
                <![CDATA["To validate add address functionality"]]>
              </value>
            </param>
            <param index="1">
              <value>
                <![CDATA["Add Address"]]>
              </value>
            </param>
          </params>
          <reporter-output>
          </reporter-output>
        </test-method> <!-- runScenario -->
        <test-method is-config="true" signature="tearDownClass()[pri:0, instance:com.wipro.testcases.AddAddress@790da477]" started-at="2023-03-06T10:16:03 IST" name="tearDownClass" finished-at="2023-03-06T10:16:03 IST" duration-ms="6" status="PASS">
          <reporter-output>
          </reporter-output>
        </test-method> <!-- tearDownClass -->
      </class> <!-- com.wipro.testcases.AddAddress -->
      <class name="com.wipro.testcases.ValidateMenu">
        <test-method is-config="true" signature="beforeClass()[pri:0, instance:com.wipro.testcases.ValidateMenu@4b8d604b]" started-at="2023-03-06T10:17:12 IST" name="beforeClass" finished-at="2023-03-06T10:17:18 IST" duration-ms="6031" status="PASS">
          <reporter-output>
          </reporter-output>
        </test-method> <!-- beforeClass -->
        <test-method signature="loginTest(java.lang.String,java.lang.String)[pri:0, instance:com.wipro.testcases.ValidateMenu@4b8d604b]" started-at="2023-03-06T10:17:18 IST" name="loginTest" data-provider="dp" finished-at="2023-03-06T10:17:23 IST" duration-ms="4973" status="PASS">
          <params>
            <param index="0">
              <value>
                <![CDATA[shivam4312@gmail.com]]>
              </value>
            </param>
            <param index="1">
              <value>
                <![CDATA[asdfghjkl]]>
              </value>
            </param>
          </params>
          <reporter-output>
          </reporter-output>
        </test-method> <!-- loginTest -->
        <test-method signature="validateMenuTest()[pri:1, instance:com.wipro.testcases.ValidateMenu@4b8d604b]" started-at="2023-03-06T10:17:23 IST" name="validateMenuTest" finished-at="2023-03-06T10:17:35 IST" duration-ms="12643" status="PASS">
          <reporter-output>
          </reporter-output>
        </test-method> <!-- validateMenuTest -->
        <test-method signature="validateLogOut()[pri:2, instance:com.wipro.testcases.ValidateMenu@4b8d604b]" started-at="2023-03-06T10:17:35 IST" name="validateLogOut" finished-at="2023-03-06T10:17:42 IST" duration-ms="6460" status="PASS">
          <reporter-output>
          </reporter-output>
        </test-method> <!-- validateLogOut -->
        <test-method is-config="true" signature="afterClass()[pri:0, instance:com.wipro.testcases.ValidateMenu@4b8d604b]" started-at="2023-03-06T10:17:42 IST" name="afterClass" finished-at="2023-03-06T10:17:47 IST" duration-ms="5238" status="PASS">
          <reporter-output>
          </reporter-output>
        </test-method> <!-- afterClass -->
      </class> <!-- com.wipro.testcases.ValidateMenu -->
    </test> <!-- Test -->
  </suite> <!-- Suite -->
</testng-results>
