<?xml version="1.0" encoding="UTF-8"?>
<testng-results ignored="0" total="13" passed="13" failed="0" skipped="0">
  <reporter-output>
  </reporter-output>
  <suite started-at="2023-03-03T14:20:02 IST" name="Suite" finished-at="2023-03-03T14:22:48 IST" duration-ms="166826">
    <groups>
      <group name="cucumber">
        <method signature="AbstractTestNGCucumberTests.runScenario(io.cucumber.testng.PickleWrapper,io.cucumber.testng.FeatureWrapper)[pri:0, instance:com.wipro.testcases.AddAddress@790da477]" name="runScenario" class="io.cucumber.testng.AbstractTestNGCucumberTests"/>
      </group> <!-- cucumber -->
    </groups>
    <test started-at="2023-03-03T14:20:02 IST" name="Test" finished-at="2023-03-03T14:22:48 IST" duration-ms="166826">
      <class name="com.wipro.testcases.AccountRegistration">
        <test-method is-config="true" signature="beforeClass()[pri:0, instance:com.wipro.testcases.AccountRegistration@1807e3f6]" started-at="2023-03-03T14:20:02 IST" name="beforeClass" finished-at="2023-03-03T14:20:11 IST" duration-ms="8898" status="PASS">
          <reporter-output>
          </reporter-output>
        </test-method> <!-- beforeClass -->
        <test-method signature="RegistrationTest(java.lang.String,java.lang.String,java.lang.String,java.lang.String,java.lang.String)[pri:0, instance:com.wipro.testcases.AccountRegistration@1807e3f6]" started-at="2023-03-03T14:20:11 IST" name="RegistrationTest" data-provider="dp" finished-at="2023-03-03T14:20:21 IST" duration-ms="9439" status="PASS">
          <params>
            <param index="0">
              <value>
                <![CDATA[Shivam]]>
              </value>
            </param>
            <param index="1">
              <value>
                <![CDATA[Raj]]>
              </value>
            </param>
            <param index="2">
              <value>
                <![CDATA[shivam4312@gmail.com]]>
              </value>
            </param>
            <param index="3">
              <value>
                <![CDATA[asdfghjkl]]>
              </value>
            </param>
            <param index="4">
              <value>
                <![CDATA[asdfghjkl]]>
              </value>
            </param>
          </params>
          <reporter-output>
          </reporter-output>
        </test-method> <!-- RegistrationTest -->
        <test-method is-config="true" signature="afterClass()[pri:0, instance:com.wipro.testcases.AccountRegistration@1807e3f6]" started-at="2023-03-03T14:20:21 IST" name="afterClass" finished-at="2023-03-03T14:20:26 IST" duration-ms="5460" status="PASS">
          <reporter-output>
          </reporter-output>
        </test-method> <!-- afterClass -->
      </class> <!-- com.wipro.testcases.AccountRegistration -->
      <class name="com.wipro.testcases.PlaceOrder">
        <test-method is-config="true" signature="beforeClass()[pri:0, instance:com.wipro.testcases.PlaceOrder@5fb759d6]" started-at="2023-03-03T14:20:58 IST" name="beforeClass" finished-at="2023-03-03T14:21:05 IST" duration-ms="6628" status="PASS">
          <reporter-output>
          </reporter-output>
        </test-method> <!-- beforeClass -->
        <test-method signature="loginTest(java.lang.String,java.lang.String)[pri:0, instance:com.wipro.testcases.PlaceOrder@5fb759d6]" started-at="2023-03-03T14:21:05 IST" name="loginTest" data-provider="dp" finished-at="2023-03-03T14:21:11 IST" duration-ms="5996" status="PASS">
          <params>
            <param index="0">
              <value>
                <![CDATA[shivam4312@gmail.com]]>
              </value>
            </param>
            <param index="1">
              <value>
                <![CDATA[asdfghjkl]]>
              </value>
            </param>
          </params>
          <reporter-output>
          </reporter-output>
        </test-method> <!-- loginTest -->
        <test-method signature="selectDesktopTest()[pri:1, instance:com.wipro.testcases.PlaceOrder@5fb759d6]" started-at="2023-03-03T14:21:11 IST" name="selectDesktopTest" finished-at="2023-03-03T14:21:18 IST" duration-ms="6974" status="PASS">
          <reporter-output>
          </reporter-output>
        </test-method> <!-- selectDesktopTest -->
        <test-method signature="addToCartTest()[pri:2, instance:com.wipro.testcases.PlaceOrder@5fb759d6]" started-at="2023-03-03T14:21:18 IST" name="addToCartTest" finished-at="2023-03-03T14:21:38 IST" duration-ms="20102" status="PASS">
          <reporter-output>
          </reporter-output>
        </test-method> <!-- addToCartTest -->
        <test-method signature="clickShoppingCartTest()[pri:3, instance:com.wipro.testcases.PlaceOrder@5fb759d6]" started-at="2023-03-03T14:21:38 IST" name="clickShoppingCartTest" finished-at="2023-03-03T14:21:41 IST" duration-ms="3180" status="PASS">
          <reporter-output>
          </reporter-output>
        </test-method> <!-- clickShoppingCartTest -->
        <test-method signature="clickCheckoutTest()[pri:4, instance:com.wipro.testcases.PlaceOrder@5fb759d6]" started-at="2023-03-03T14:21:41 IST" name="clickCheckoutTest" finished-at="2023-03-03T14:21:51 IST" duration-ms="9258" status="PASS">
          <reporter-output>
          </reporter-output>
        </test-method> <!-- clickCheckoutTest -->
        <test-method signature="makePaymentTest()[pri:5, instance:com.wipro.testcases.PlaceOrder@5fb759d6]" started-at="2023-03-03T14:21:51 IST" name="makePaymentTest" finished-at="2023-03-03T14:21:57 IST" duration-ms="6181" status="PASS">
          <reporter-output>
          </reporter-output>
        </test-method> <!-- makePaymentTest -->
        <test-method signature="clickConfirmTest()[pri:6, instance:com.wipro.testcases.PlaceOrder@5fb759d6]" started-at="2023-03-03T14:21:57 IST" name="clickConfirmTest" finished-at="2023-03-03T14:21:59 IST" duration-ms="1784" status="PASS">
          <reporter-output>
          </reporter-output>
        </test-method> <!-- clickConfirmTest -->
        <test-method signature="valiadteLogout()[pri:7, instance:com.wipro.testcases.PlaceOrder@5fb759d6]" started-at="2023-03-03T14:21:59 IST" name="valiadteLogout" finished-at="2023-03-03T14:22:05 IST" duration-ms="6511" status="PASS">
          <reporter-output>
          </reporter-output>
        </test-method> <!-- valiadteLogout -->
        <test-method is-config="true" signature="afterClass()[pri:0, instance:com.wipro.testcases.PlaceOrder@5fb759d6]" started-at="2023-03-03T14:22:05 IST" name="afterClass" finished-at="2023-03-03T14:22:11 IST" duration-ms="5477" status="PASS">
          <reporter-output>
          </reporter-output>
        </test-method> <!-- afterClass -->
      </class> <!-- com.wipro.testcases.PlaceOrder -->
      <class name="com.wipro.testcases.AddAddress">
        <test-method is-config="true" signature="setUpClass(org.testng.ITestContext)[pri:0, instance:com.wipro.testcases.AddAddress@790da477]" started-at="2023-03-03T14:20:26 IST" name="setUpClass" finished-at="2023-03-03T14:20:26 IST" duration-ms="203" status="PASS">
          <params>
            <param index="0">
              <value>
                <![CDATA[org.testng.TestRunner@6b4a4e40]]>
              </value>
            </param>
          </params>
          <reporter-output>
          </reporter-output>
        </test-method> <!-- setUpClass -->
        <test-method signature="runScenario(io.cucumber.testng.PickleWrapper,io.cucumber.testng.FeatureWrapper)[pri:0, instance:com.wipro.testcases.AddAddress@790da477]" started-at="2023-03-03T14:20:26 IST" name="runScenario" description="Runs Cucumber Scenarios" data-provider="scenarios" finished-at="2023-03-03T14:20:58 IST" duration-ms="31975" status="PASS">
          <params>
            <param index="0">
              <value>
                <![CDATA["To validate add address functionality"]]>
              </value>
            </param>
            <param index="1">
              <value>
                <![CDATA["Add Address"]]>
              </value>
            </param>
          </params>
          <reporter-output>
          </reporter-output>
        </test-method> <!-- runScenario -->
        <test-method is-config="true" signature="tearDownClass()[pri:0, instance:com.wipro.testcases.AddAddress@790da477]" started-at="2023-03-03T14:20:58 IST" name="tearDownClass" finished-at="2023-03-03T14:20:58 IST" duration-ms="7" status="PASS">
          <reporter-output>
          </reporter-output>
        </test-method> <!-- tearDownClass -->
      </class> <!-- com.wipro.testcases.AddAddress -->
      <class name="com.wipro.testcases.ValidateMenu">
        <test-method is-config="true" signature="beforeClass()[pri:0, instance:com.wipro.testcases.ValidateMenu@4b8d604b]" started-at="2023-03-03T14:22:11 IST" name="beforeClass" finished-at="2023-03-03T14:22:17 IST" duration-ms="6290" status="PASS">
          <reporter-output>
          </reporter-output>
        </test-method> <!-- beforeClass -->
        <test-method signature="loginTest(java.lang.String,java.lang.String)[pri:0, instance:com.wipro.testcases.ValidateMenu@4b8d604b]" started-at="2023-03-03T14:22:17 IST" name="loginTest" data-provider="dp" finished-at="2023-03-03T14:22:22 IST" duration-ms="5454" status="PASS">
          <params>
            <param index="0">
              <value>
                <![CDATA[shivam4312@gmail.com]]>
              </value>
            </param>
            <param index="1">
              <value>
                <![CDATA[asdfghjkl]]>
              </value>
            </param>
          </params>
          <reporter-output>
          </reporter-output>
        </test-method> <!-- loginTest -->
        <test-method signature="validateMenuTest()[pri:1, instance:com.wipro.testcases.ValidateMenu@4b8d604b]" started-at="2023-03-03T14:22:22 IST" name="validateMenuTest" finished-at="2023-03-03T14:22:36 IST" duration-ms="13772" status="PASS">
          <reporter-output>
          </reporter-output>
        </test-method> <!-- validateMenuTest -->
        <test-method signature="validateLogOut()[pri:2, instance:com.wipro.testcases.ValidateMenu@4b8d604b]" started-at="2023-03-03T14:22:36 IST" name="validateLogOut" finished-at="2023-03-03T14:22:43 IST" duration-ms="6873" status="PASS">
          <reporter-output>
          </reporter-output>
        </test-method> <!-- validateLogOut -->
        <test-method is-config="true" signature="afterClass()[pri:0, instance:com.wipro.testcases.ValidateMenu@4b8d604b]" started-at="2023-03-03T14:22:43 IST" name="afterClass" finished-at="2023-03-03T14:22:48 IST" duration-ms="5440" status="PASS">
          <reporter-output>
          </reporter-output>
        </test-method> <!-- afterClass -->
      </class> <!-- com.wipro.testcases.ValidateMenu -->
    </test> <!-- Test -->
  </suite> <!-- Suite -->
</testng-results>
